# JRE version: OpenJDK Runtime Environment Temurin-21.0.8+9 (21.0.8+9) (build 21.0.8+9-LTS)
# Java VM: OpenJDK 64-Bit Server VM Temurin-21.0.8+9 (21.0.8+9-LTS, mixed mode, sharing, tiered, compressed oops, compressed class ptrs, parallel gc, windows-amd64)
GC Precious Log:
 CardTable entry size: 512
 CPUs: 16 total, 16 available
 Memory: 15791M
 Large Page Support: Disabled
 NUMA Support: Disabled
 Compressed Oops: Enabled (32-bit)
 Alignments: Space 512K, Generation 512K, Heap 2M
 Heap Min Capacity: 100M
 Heap Initial Capacity: 100M
 Heap Max Capacity: 2G
 Pre-touch: Disabled
 Parallel Workers: 13
Heap:
 PSYoungGen      total 16384K, used 1750K [0x00000000d5580000, 0x00000000d6a00000, 0x0000000100000000)
  eden space 15360K, 6% used [0x00000000d5580000,0x00000000d566dbb8,0x00000000d6480000)
  from space 1024K, 78% used [0x00000000d6900000,0x00000000d69c8000,0x00000000d6a00000)
  to   space 1024K, 0% used [0x00000000d6800000,0x00000000d6800000,0x00000000d6900000)
 ParOldGen       total 68608K, used 55977K [0x0000000080000000, 0x0000000084300000, 0x00000000d5580000)
  object space 68608K, 81% used [0x0000000080000000,0x00000000836aa580,0x0000000084300000)
 Metaspace       used 66318K, committed 67712K, reserved 1114112K
  class space    used 8169K, committed 8768K, reserved 1048576K
GC Heap History (20 events):
Event: 24.725 GC heap before
{Heap before GC invocations=31 (full 2):
 PSYoungGen      total 23040K, used 13392K [0x00000000d5580000, 0x00000000d7080000, 0x0000000100000000)
  eden space 21504K, 57% used [0x00000000d5580000,0x00000000d61801b8,0x00000000d6a80000)
  from space 1536K, 71% used [0x00000000d6f00000,0x00000000d7014020,0x00000000d7080000)
  to   space 2560K, 0% used [0x00000000d6b80000,0x00000000d6b80000,0x00000000d6e00000)
 ParOldGen       total 68608K, used 43219K [0x0000000080000000, 0x0000000084300000, 0x00000000d5580000)
  object space 68608K, 62% used [0x0000000080000000,0x0000000082a34c98,0x0000000084300000)
 Metaspace       used 58539K, committed 59776K, reserved 1114112K
  class space    used 6880K, committed 7424K, reserved 1048576K
}
Event: 24.727 GC heap after
{Heap after GC invocations=31 (full 2):
 PSYoungGen      total 24064K, used 576K [0x00000000d5580000, 0x00000000d6f80000, 0x0000000100000000)
  eden space 21504K, 0% used [0x00000000d5580000,0x00000000d5580000,0x00000000d6a80000)
  from space 2560K, 22% used [0x00000000d6b80000,0x00000000d6c10000,0x00000000d6e00000)
  to   space 1024K, 0% used [0x00000000d6e80000,0x00000000d6e80000,0x00000000d6f80000)
 ParOldGen       total 68608K, used 44139K [0x0000000080000000, 0x0000000084300000, 0x00000000d5580000)
  object space 68608K, 64% used [0x0000000080000000,0x0000000082b1acd8,0x0000000084300000)
 Metaspace       used 58539K, committed 59776K, reserved 1114112K
  class space    used 6880K, committed 7424K, reserved 1048576K
}
Event: 24.727 GC heap before
{Heap before GC invocations=32 (full 3):
 PSYoungGen      total 24064K, used 576K [0x00000000d5580000, 0x00000000d6f80000, 0x0000000100000000)
  eden space 21504K, 0% used [0x00000000d5580000,0x00000000d5580000,0x00000000d6a80000)
  from space 2560K, 22% used [0x00000000d6b80000,0x00000000d6c10000,0x00000000d6e00000)
  to   space 1024K, 0% used [0x00000000d6e80000,0x00000000d6e80000,0x00000000d6f80000)
 ParOldGen       total 68608K, used 44139K [0x0000000080000000, 0x0000000084300000, 0x00000000d5580000)
  object space 68608K, 64% used [0x0000000080000000,0x0000000082b1acd8,0x0000000084300000)
 Metaspace       used 58539K, committed 59776K, reserved 1114112K
  class space    used 6880K, committed 7424K, reserved 1048576K
}
Event: 24.795 GC heap after
{Heap after GC invocations=32 (full 3):
 PSYoungGen      total 24064K, used 0K [0x00000000d5580000, 0x00000000d6f80000, 0x0000000100000000)
  eden space 21504K, 0% used [0x00000000d5580000,0x00000000d5580000,0x00000000d6a80000)
  from space 2560K, 0% used [0x00000000d6b80000,0x00000000d6b80000,0x00000000d6e00000)
  to   space 1024K, 0% used [0x00000000d6e80000,0x00000000d6e80000,0x00000000d6f80000)
 ParOldGen       total 68608K, used 39800K [0x0000000080000000, 0x0000000084300000, 0x00000000d5580000)
  object space 68608K, 58% used [0x0000000080000000,0x00000000826de290,0x0000000084300000)
 Metaspace       used 58539K, committed 59776K, reserved 1114112K
  class space    used 6880K, committed 7424K, reserved 1048576K
}
Event: 25.755 GC heap before
{Heap before GC invocations=33 (full 3):
 PSYoungGen      total 24064K, used 21504K [0x00000000d5580000, 0x00000000d6f80000, 0x0000000100000000)
  eden space 21504K, 100% used [0x00000000d5580000,0x00000000d6a80000,0x00000000d6a80000)
  from space 2560K, 0% used [0x00000000d6b80000,0x00000000d6b80000,0x00000000d6e00000)
  to   space 1024K, 0% used [0x00000000d6e80000,0x00000000d6e80000,0x00000000d6f80000)
 ParOldGen       total 68608K, used 39800K [0x0000000080000000, 0x0000000084300000, 0x00000000d5580000)
  object space 68608K, 58% used [0x0000000080000000,0x00000000826de290,0x0000000084300000)
 Metaspace       used 59820K, committed 61120K, reserved 1114112K
  class space    used 7103K, committed 7680K, reserved 1048576K
}
Event: 25.760 GC heap after
{Heap after GC invocations=33 (full 3):
 PSYoungGen      total 16384K, used 1020K [0x00000000d5580000, 0x00000000d7e80000, 0x0000000100000000)
  eden space 15360K, 0% used [0x00000000d5580000,0x00000000d5580000,0x00000000d6480000)
  from space 1024K, 99% used [0x00000000d6e80000,0x00000000d6f7f3f8,0x00000000d6f80000)
  to   space 10240K, 0% used [0x00000000d6480000,0x00000000d6480000,0x00000000d6e80000)
 ParOldGen       total 68608K, used 47340K [0x0000000080000000, 0x0000000084300000, 0x00000000d5580000)
  object space 68608K, 69% used [0x0000000080000000,0x0000000082e3b390,0x0000000084300000)
 Metaspace       used 59820K, committed 61120K, reserved 1114112K
  class space    used 7103K, committed 7680K, reserved 1048576K
}
Event: 26.356 GC heap before
{Heap before GC invocations=34 (full 3):
 PSYoungGen      total 16384K, used 16380K [0x00000000d5580000, 0x00000000d7e80000, 0x0000000100000000)
  eden space 15360K, 100% used [0x00000000d5580000,0x00000000d6480000,0x00000000d6480000)
  from space 1024K, 99% used [0x00000000d6e80000,0x00000000d6f7f3f8,0x00000000d6f80000)
  to   space 10240K, 0% used [0x00000000d6480000,0x00000000d6480000,0x00000000d6e80000)
 ParOldGen       total 68608K, used 47340K [0x0000000080000000, 0x0000000084300000, 0x00000000d5580000)
  object space 68608K, 69% used [0x0000000080000000,0x0000000082e3b390,0x0000000084300000)
 Metaspace       used 60920K, committed 62208K, reserved 1114112K
  class space    used 7312K, committed 7872K, reserved 1048576K
}
Event: 26.359 GC heap after
{Heap after GC invocations=34 (full 3):
 PSYoungGen      total 16384K, used 736K [0x00000000d5580000, 0x00000000d6f00000, 0x0000000100000000)
  eden space 15360K, 0% used [0x00000000d5580000,0x00000000d5580000,0x00000000d6480000)
  from space 1024K, 71% used [0x00000000d6480000,0x00000000d6538000,0x00000000d6580000)
  to   space 3584K, 0% used [0x00000000d6b80000,0x00000000d6b80000,0x00000000d6f00000)
 ParOldGen       total 68608K, used 48350K [0x0000000080000000, 0x0000000084300000, 0x00000000d5580000)
  object space 68608K, 70% used [0x0000000080000000,0x0000000082f37910,0x0000000084300000)
 Metaspace       used 60920K, committed 62208K, reserved 1114112K
  class space    used 7312K, committed 7872K, reserved 1048576K
}
Event: 26.682 GC heap before
{Heap before GC invocations=35 (full 3):
 PSYoungGen      total 16384K, used 16096K [0x00000000d5580000, 0x00000000d6f00000, 0x0000000100000000)
  eden space 15360K, 100% used [0x00000000d5580000,0x00000000d6480000,0x00000000d6480000)
  from space 1024K, 71% used [0x00000000d6480000,0x00000000d6538000,0x00000000d6580000)
  to   space 3584K, 0% used [0x00000000d6b80000,0x00000000d6b80000,0x00000000d6f00000)
 ParOldGen       total 68608K, used 48350K [0x0000000080000000, 0x0000000084300000, 0x00000000d5580000)
  object space 68608K, 70% used [0x0000000080000000,0x0000000082f37910,0x0000000084300000)
 Metaspace       used 61448K, committed 62784K, reserved 1114112K
  class space    used 7381K, committed 8000K, reserved 1048576K
}
Event: 26.685 GC heap after
{Heap after GC invocations=35 (full 3):
 PSYoungGen      total 16384K, used 640K [0x00000000d5580000, 0x00000000d6c80000, 0x0000000100000000)
  eden space 15360K, 0% used [0x00000000d5580000,0x00000000d5580000,0x00000000d6480000)
  from space 1024K, 62% used [0x00000000d6b80000,0x00000000d6c20000,0x00000000d6c80000)
  to   space 1536K, 0% used [0x00000000d6980000,0x00000000d6980000,0x00000000d6b00000)
 ParOldGen       total 68608K, used 48854K [0x0000000080000000, 0x0000000084300000, 0x00000000d5580000)
  object space 68608K, 71% used [0x0000000080000000,0x0000000082fb5910,0x0000000084300000)
 Metaspace       used 61448K, committed 62784K, reserved 1114112K
  class space    used 7381K, committed 8000K, reserved 1048576K
}
Event: 27.181 GC heap before
{Heap before GC invocations=36 (full 3):
 PSYoungGen      total 16384K, used 16000K [0x00000000d5580000, 0x00000000d6c80000, 0x0000000100000000)
  eden space 15360K, 100% used [0x00000000d5580000,0x00000000d6480000,0x00000000d6480000)
  from space 1024K, 62% used [0x00000000d6b80000,0x00000000d6c20000,0x00000000d6c80000)
  to   space 1536K, 0% used [0x00000000d6980000,0x00000000d6980000,0x00000000d6b00000)
 ParOldGen       total 68608K, used 48854K [0x0000000080000000, 0x0000000084300000, 0x00000000d5580000)
  object space 68608K, 71% used [0x0000000080000000,0x0000000082fb5910,0x0000000084300000)
 Metaspace       used 61453K, committed 62784K, reserved 1114112K
  class space    used 7381K, committed 8000K, reserved 1048576K
}
Event: 27.183 GC heap after
{Heap after GC invocations=36 (full 3):
 PSYoungGen      total 16896K, used 608K [0x00000000d5580000, 0x00000000d6c00000, 0x0000000100000000)
  eden space 15360K, 0% used [0x00000000d5580000,0x00000000d5580000,0x00000000d6480000)
  from space 1536K, 39% used [0x00000000d6980000,0x00000000d6a18000,0x00000000d6b00000)
  to   space 1024K, 0% used [0x00000000d6b00000,0x00000000d6b00000,0x00000000d6c00000)
 ParOldGen       total 68608K, used 49279K [0x0000000080000000, 0x0000000084300000, 0x00000000d5580000)
  object space 68608K, 71% used [0x0000000080000000,0x000000008301fcb0,0x0000000084300000)
 Metaspace       used 61453K, committed 62784K, reserved 1114112K
  class space    used 7381K, committed 8000K, reserved 1048576K
}
Event: 27.560 GC heap before
{Heap before GC invocations=37 (full 3):
 PSYoungGen      total 16896K, used 15473K [0x00000000d5580000, 0x00000000d6c00000, 0x0000000100000000)
  eden space 15360K, 96% used [0x00000000d5580000,0x00000000d6404468,0x00000000d6480000)
  from space 1536K, 39% used [0x00000000d6980000,0x00000000d6a18000,0x00000000d6b00000)
  to   space 1024K, 0% used [0x00000000d6b00000,0x00000000d6b00000,0x00000000d6c00000)
 ParOldGen       total 68608K, used 49279K [0x0000000080000000, 0x0000000084300000, 0x00000000d5580000)
  object space 68608K, 71% used [0x0000000080000000,0x000000008301fcb0,0x0000000084300000)
 Metaspace       used 61454K, committed 62784K, reserved 1114112K
  class space    used 7381K, committed 8000K, reserved 1048576K
}
Event: 27.561 GC heap after
{Heap after GC invocations=37 (full 3):
 PSYoungGen      total 16384K, used 1021K [0x00000000d5580000, 0x00000000d6c00000, 0x0000000100000000)
  eden space 15360K, 0% used [0x00000000d5580000,0x00000000d5580000,0x00000000d6480000)
  from space 1024K, 99% used [0x00000000d6b00000,0x00000000d6bff550,0x00000000d6c00000)
  to   space 3072K, 0% used [0x00000000d6600000,0x00000000d6600000,0x00000000d6900000)
 ParOldGen       total 68608K, used 50747K [0x0000000080000000, 0x0000000084300000, 0x00000000d5580000)
  object space 68608K, 73% used [0x0000000080000000,0x000000008318efb0,0x0000000084300000)
 Metaspace       used 61454K, committed 62784K, reserved 1114112K
  class space    used 7381K, committed 8000K, reserved 1048576K
}
Event: 28.065 GC heap before
{Heap before GC invocations=38 (full 3):
 PSYoungGen      total 16384K, used 16381K [0x00000000d5580000, 0x00000000d6c00000, 0x0000000100000000)
  eden space 15360K, 100% used [0x00000000d5580000,0x00000000d6480000,0x00000000d6480000)
  from space 1024K, 99% used [0x00000000d6b00000,0x00000000d6bff550,0x00000000d6c00000)
  to   space 3072K, 0% used [0x00000000d6600000,0x00000000d6600000,0x00000000d6900000)
 ParOldGen       total 68608K, used 50747K [0x0000000080000000, 0x0000000084300000, 0x00000000d5580000)
  object space 68608K, 73% used [0x0000000080000000,0x000000008318efb0,0x0000000084300000)
 Metaspace       used 61698K, committed 62976K, reserved 1114112K
  class space    used 7437K, committed 8000K, reserved 1048576K
}
Event: 28.068 GC heap after
{Heap after GC invocations=38 (full 3):
 PSYoungGen      total 18432K, used 3070K [0x00000000d5580000, 0x00000000d6e80000, 0x0000000100000000)
  eden space 15360K, 0% used [0x00000000d5580000,0x00000000d5580000,0x00000000d6480000)
  from space 3072K, 99% used [0x00000000d6600000,0x00000000d68ffa20,0x00000000d6900000)
  to   space 5120K, 0% used [0x00000000d6980000,0x00000000d6980000,0x00000000d6e80000)
 ParOldGen       total 68608K, used 51929K [0x0000000080000000, 0x0000000084300000, 0x00000000d5580000)
  object space 68608K, 75% used [0x0000000080000000,0x00000000832b6768,0x0000000084300000)
 Metaspace       used 61698K, committed 62976K, reserved 1114112K
  class space    used 7437K, committed 8000K, reserved 1048576K
}
Event: 28.664 GC heap before
{Heap before GC invocations=39 (full 3):
 PSYoungGen      total 18432K, used 18430K [0x00000000d5580000, 0x00000000d6e80000, 0x0000000100000000)
  eden space 15360K, 100% used [0x00000000d5580000,0x00000000d6480000,0x00000000d6480000)
  from space 3072K, 99% used [0x00000000d6600000,0x00000000d68ffa20,0x00000000d6900000)
  to   space 5120K, 0% used [0x00000000d6980000,0x00000000d6980000,0x00000000d6e80000)
 ParOldGen       total 68608K, used 51929K [0x0000000080000000, 0x0000000084300000, 0x00000000d5580000)
  object space 68608K, 75% used [0x0000000080000000,0x00000000832b6768,0x0000000084300000)
 Metaspace       used 63212K, committed 64576K, reserved 1114112K
  class space    used 7707K, committed 8320K, reserved 1048576K
}
Event: 28.667 GC heap after
{Heap after GC invocations=39 (full 3):
 PSYoungGen      total 16384K, used 816K [0x00000000d5580000, 0x00000000d6a80000, 0x0000000100000000)
  eden space 15360K, 0% used [0x00000000d5580000,0x00000000d5580000,0x00000000d6480000)
  from space 1024K, 79% used [0x00000000d6980000,0x00000000d6a4c010,0x00000000d6a80000)
  to   space 2560K, 0% used [0x00000000d6580000,0x00000000d6580000,0x00000000d6800000)
 ParOldGen       total 68608K, used 54914K [0x0000000080000000, 0x0000000084300000, 0x00000000d5580000)
  object space 68608K, 80% used [0x0000000080000000,0x00000000835a0840,0x0000000084300000)
 Metaspace       used 63212K, committed 64576K, reserved 1114112K
  class space    used 7707K, committed 8320K, reserved 1048576K
}
Event: 29.042 GC heap before
{Heap before GC invocations=40 (full 3):
 PSYoungGen      total 16384K, used 16176K [0x00000000d5580000, 0x00000000d6a80000, 0x0000000100000000)
  eden space 15360K, 100% used [0x00000000d5580000,0x00000000d6480000,0x00000000d6480000)
  from space 1024K, 79% used [0x00000000d6980000,0x00000000d6a4c010,0x00000000d6a80000)
  to   space 2560K, 0% used [0x00000000d6580000,0x00000000d6580000,0x00000000d6800000)
 ParOldGen       total 68608K, used 54914K [0x0000000080000000, 0x0000000084300000, 0x00000000d5580000)
  object space 68608K, 80% used [0x0000000080000000,0x00000000835a0840,0x0000000084300000)
 Metaspace       used 64694K, committed 66048K, reserved 1114112K
  class space    used 7953K, committed 8576K, reserved 1048576K
}
Event: 29.044 GC heap after
{Heap after GC invocations=40 (full 3):
 PSYoungGen      total 17920K, used 656K [0x00000000d5580000, 0x00000000d6a00000, 0x0000000100000000)
  eden space 15360K, 0% used [0x00000000d5580000,0x00000000d5580000,0x00000000d6480000)
  from space 2560K, 25% used [0x00000000d6580000,0x00000000d6624020,0x00000000d6800000)
  to   space 1024K, 0% used [0x00000000d6900000,0x00000000d6900000,0x00000000d6a00000)
 ParOldGen       total 68608K, used 55530K [0x0000000080000000, 0x0000000084300000, 0x00000000d5580000)
  object space 68608K, 80% used [0x0000000080000000,0x000000008363a860,0x0000000084300000)
 Metaspace       used 64694K, committed 66048K, reserved 1114112K
  class space    used 7953K, committed 8576K, reserved 1048576K
}

